<?xml version="1.0" encoding="UTF-8"?>
<testng-results skipped="0" failed="0" ignored="0" total="1" passed="1">
  <reporter-output>
  </reporter-output>
  <suite name="Default suite" duration-ms="12722" started-at="2019-01-06T15:53:23Z" finished-at="2019-01-06T15:53:35Z">
    <groups>
    </groups>
    <test name="Default test" duration-ms="12722" started-at="2019-01-06T15:53:23Z" finished-at="2019-01-06T15:53:35Z">
      <class name="com.techbilling.testcase.ProductNServicesTest">
        <test-method status="PASS" signature="setup()[pri:0, instance:com.techbilling.testcase.ProductNServicesTest@685cb137]" name="setup" is-config="true" duration-ms="9298" started-at="2019-01-06T15:53:23Z" finished-at="2019-01-06T15:53:32Z">
          <reporter-output>
          </reporter-output>
        </test-method> <!-- setup -->
        <test-method status="PASS" signature="newproductTest()[pri:1, instance:com.techbilling.testcase.ProductNServicesTest@685cb137]" name="newproductTest" duration-ms="2206" started-at="2019-01-06T15:53:32Z" finished-at="2019-01-06T15:53:34Z">
          <reporter-output>
          </reporter-output>
        </test-method> <!-- newproductTest -->
        <test-method status="PASS" signature="teardown()[pri:0, instance:com.techbilling.testcase.ProductNServicesTest@685cb137]" name="teardown" is-config="true" duration-ms="1195" started-at="2019-01-06T15:53:34Z" finished-at="2019-01-06T15:53:35Z">
          <reporter-output>
          </reporter-output>
        </test-method> <!-- teardown -->
      </class> <!-- com.techbilling.testcase.ProductNServicesTest -->
    </test> <!-- Default test -->
  </suite> <!-- Default suite -->
</testng-results>
